<?xml version="1.0" encoding="UTF-8"?>
<testExecutions version="1">
  <file path="/home/samar/Desktop/Ditrit/kubernator-plugin/tests/unit/models/KubernetesComponentDefinition.spec.js">
    <testCase name="Test class: KubernetesComponentDefinition Test constructor Check variable instantiation without any parameters in constructor" duration="4"/>
  </file>
  <file path="/home/samar/Desktop/Ditrit/kubernator-plugin/tests/unit/models/KubernetesData.spec.js">
    <testCase name="Test class: KubernetesData Test addComponent method Should add a component with default values" duration="6"/>
    <testCase name="Test class: KubernetesData Test addComponent method Should add a component with custom values" duration="2"/>
    <testCase name="Test class: KubernetesData Test addComponent method Should add a component with additional attributes" duration="2"/>
    <testCase name="Test class: KubernetesData Test addComponent method Should add a component with unsupported type" duration="1"/>
    <testCase name="Test class: KubernetesData Test __createAttribute method Should create a component attribute" duration="1"/>
    <testCase name="Test class: KubernetesData Test __createAttribute method Should return null if attribute name is not found" duration="3"/>
    <testCase name="Test class: KubernetesData Test class inheritance Should inherit from DefaultData" duration="0"/>
  </file>
  <file path="/home/samar/Desktop/Ditrit/kubernator-plugin/tests/unit/index.spec.js">
    <testCase name="Test index of project Index should return KubernetesPlugin" duration="7"/>
  </file>
  <file path="/home/samar/Desktop/Ditrit/kubernator-plugin/tests/unit/models/KubernetesPlugin.spec.js">
    <testCase name="Test class: KubernetesPlugin Test constructor Check variable initialization" duration="5"/>
  </file>
  <file path="/home/samar/Desktop/Ditrit/kubernator-plugin/tests/unit/render/KubernetesRenderer.spec.js">
    <testCase name="Test KubernetesMetadata Test method: render Should render service" duration="93">
      <failure message="Error: expect(received).toEqual(expected) // deep equality"><![CDATA[Error: expect(received).toEqual(expected) // deep equality

- Expected  - 3
+ Received  + 6

  o {
    "content": "apiVersion: v1
  kind: Service
  metadata:
    name: test-service
+   labels:
+     app.kubernetes.io/name: test-service
  spec:
-   selector:
-     app: test-app
-   type: NodePort",
+   selector: {}
+   type: NodePort
+   ports: []
+ ",
    "path": "./service.yaml",
  }
    at Object.toEqual (/home/samar/Desktop/Ditrit/kubernator-plugin/tests/unit/render/KubernetesRenderer.spec.js:24:22)
    at Promise.then.completed (/home/samar/Desktop/Ditrit/kubernator-plugin/node_modules/jest-circus/build/utils.js:293:28)
    at new Promise (<anonymous>)
    at callAsyncCircusFn (/home/samar/Desktop/Ditrit/kubernator-plugin/node_modules/jest-circus/build/utils.js:226:10)
    at _callCircusTest (/home/samar/Desktop/Ditrit/kubernator-plugin/node_modules/jest-circus/build/run.js:297:40)
    at processTicksAndRejections (node:internal/process/task_queues:95:5)
    at _runTest (/home/samar/Desktop/Ditrit/kubernator-plugin/node_modules/jest-circus/build/run.js:233:3)
    at _runTestsForDescribeBlock (/home/samar/Desktop/Ditrit/kubernator-plugin/node_modules/jest-circus/build/run.js:135:9)
    at _runTestsForDescribeBlock (/home/samar/Desktop/Ditrit/kubernator-plugin/node_modules/jest-circus/build/run.js:130:9)
    at _runTestsForDescribeBlock (/home/samar/Desktop/Ditrit/kubernator-plugin/node_modules/jest-circus/build/run.js:130:9)
    at run (/home/samar/Desktop/Ditrit/kubernator-plugin/node_modules/jest-circus/build/run.js:68:3)
    at runAndTransformResultsToJestFormat (/home/samar/Desktop/Ditrit/kubernator-plugin/node_modules/jest-circus/build/legacy-code-todo-rewrite/jestAdapterInit.js:122:21)
    at jestAdapter (/home/samar/Desktop/Ditrit/kubernator-plugin/node_modules/jest-circus/build/legacy-code-todo-rewrite/jestAdapter.js:79:19)
    at runTestInternal (/home/samar/Desktop/Ditrit/kubernator-plugin/node_modules/jest-runner/build/runTest.js:367:16)
    at runTest (/home/samar/Desktop/Ditrit/kubernator-plugin/node_modules/jest-runner/build/runTest.js:444:34)
    at Object.worker (/home/samar/Desktop/Ditrit/kubernator-plugin/node_modules/jest-runner/build/testWorker.js:106:12)]]></failure>
    </testCase>
  </file>
  <file path="/home/samar/Desktop/Ditrit/kubernator-plugin/tests/unit/parser/KubernetesParser.spec.js">
    <testCase name="KubernetesParser isParsable should return true for a YAML file" duration="2"/>
    <testCase name="KubernetesParser isParsable should return true for a YML file" duration="1"/>
    <testCase name="KubernetesParser isParsable should return false for a non-YAML file" duration="0"/>
    <testCase name="KubernetesParser parse should return empty components for no input files" duration="8"/>
    <testCase name="KubernetesParser parse Should set empty components with files without content" duration="11"/>
    <testCase name="KubernetesParser parse should parse a valid YAML file and return valid components" duration="56">
      <failure message="Error: expect(received).toEqual(expected) // deep equality"><![CDATA[Error: expect(received).toEqual(expected) // deep equality

- Expected  - 12
+ Received  + 36

@@ -222,16 +222,11 @@
        "type": "Object",
        "url": null,
      },
      "name": "metadata",
      "type": "Object",
-     "value": n {
-       "definition": null,
-       "name": "name",
-       "type": "String",
-       "value": "test-service",
-     },
+     "value": Array [],
    },
    n {
      "definition": t {
        "containerRef": null,
        "definedAttributes": Array [
@@ -442,11 +437,12 @@
        "type": "Object",
        "url": null,
      },
      "name": "spec",
      "type": "Object",
-     "value": n {
+     "value": Array [
+       n {
          "definition": t {
            "containerRef": null,
            "definedAttributes": Array [],
            "description": null,
            "displayName": "Selector",
@@ -466,15 +462,43 @@
            },
            "type": "Link",
            "url": null,
          },
          "name": "selector",
-       "type": "Object",
-       "value": n {
-         "definition": null,
-         "name": "app",
+         "type": "Link",
+         "value": Array [],
+       },
+       n {
+         "definition": t {
+           "containerRef": null,
+           "definedAttributes": Array [],
+           "description": "type determines how the Service is exposed.<br/>Defaults to ClusterIP.<br/>Valid options are ExternalName, ClusterIP, NodePort, and LoadBalancer.<br/>\"ClusterIP\" allocates a cluster-internal IP address for load-balancing to endpoints.<br/>Endpoints are determined by the selector or if that is not specified, by manual construction of an Endpoints object or EndpointSlice objects.<br/>If clusterIP is \"None\", no virtual IP is allocated and the endpoints are published as a set of endpoints rather than a virtual IP.<br/>\"NodePort\" builds on ClusterIP and allocates a port on every node which routes to the same endpoints as the clusterIP.<br/>\"LoadBalancer\" builds on NodePort and creates an external load-balancer (if supported in the current cloud) which routes to the same endpoints as the clusterIP.<br/>\"ExternalName\" aliases this service to the specified externalName.<br/>Several other fields do not apply to ExternalName services.",
+           "displayName": "Type",
+           "expanded": false,
+           "linkColor": "black",
+           "linkDashStyle": null,
+           "linkRef": Array [],
+           "linkType": null,
+           "linkWidth": 2,
+           "name": "type",
+           "required": false,
+           "rules": Object {
+             "max": null,
+             "min": null,
+             "regex": null,
+             "values": Array [
+               "ClusterIP",
+               "NodePort",
+               "LoadBalancer",
+               "ExternalName",
+             ],
+           },
            "type": "String",
-         "value": "test-app",
+           "url": "https://kubernetes.io/docs/concepts/services-networking/service/#publishing-services-service-types",
          },
+         "name": "type",
+         "type": "String",
+         "value": "NodePort",
        },
+     ],
    },
  ]
    at Object.toEqual (/home/samar/Desktop/Ditrit/kubernator-plugin/tests/unit/parser/KubernetesParser.spec.js:69:58)
    at Promise.then.completed (/home/samar/Desktop/Ditrit/kubernator-plugin/node_modules/jest-circus/build/utils.js:293:28)
    at new Promise (<anonymous>)
    at callAsyncCircusFn (/home/samar/Desktop/Ditrit/kubernator-plugin/node_modules/jest-circus/build/utils.js:226:10)
    at _callCircusTest (/home/samar/Desktop/Ditrit/kubernator-plugin/node_modules/jest-circus/build/run.js:297:40)
    at processTicksAndRejections (node:internal/process/task_queues:95:5)
    at _runTest (/home/samar/Desktop/Ditrit/kubernator-plugin/node_modules/jest-circus/build/run.js:233:3)
    at _runTestsForDescribeBlock (/home/samar/Desktop/Ditrit/kubernator-plugin/node_modules/jest-circus/build/run.js:135:9)
    at _runTestsForDescribeBlock (/home/samar/Desktop/Ditrit/kubernator-plugin/node_modules/jest-circus/build/run.js:130:9)
    at _runTestsForDescribeBlock (/home/samar/Desktop/Ditrit/kubernator-plugin/node_modules/jest-circus/build/run.js:130:9)
    at run (/home/samar/Desktop/Ditrit/kubernator-plugin/node_modules/jest-circus/build/run.js:68:3)
    at runAndTransformResultsToJestFormat (/home/samar/Desktop/Ditrit/kubernator-plugin/node_modules/jest-circus/build/legacy-code-todo-rewrite/jestAdapterInit.js:122:21)
    at jestAdapter (/home/samar/Desktop/Ditrit/kubernator-plugin/node_modules/jest-circus/build/legacy-code-todo-rewrite/jestAdapter.js:79:19)
    at runTestInternal (/home/samar/Desktop/Ditrit/kubernator-plugin/node_modules/jest-runner/build/runTest.js:367:16)
    at runTest (/home/samar/Desktop/Ditrit/kubernator-plugin/node_modules/jest-runner/build/runTest.js:444:34)
    at Object.worker (/home/samar/Desktop/Ditrit/kubernator-plugin/node_modules/jest-runner/build/testWorker.js:106:12)]]></failure>
    </testCase>
  </file>
</testExecutions>