<?xml version="1.0" encoding="UTF-8"?>
<testExecutions version="1">
  <file path="/home/samar/Desktop/Ditrit/kubernator-plugin/tests/unit/models/KubernetesData.spec.js">
    <testCase name="KubernetesData addComponent should add a new component and return the generated ID" duration="8"/>
    <testCase name="KubernetesData __createAttribute should create a new component attribute" duration="3"/>
    <testCase name="KubernetesData __createAttribute should return null for non-existent attribute definition" duration="1"/>
  </file>
  <file path="/home/samar/Desktop/Ditrit/kubernator-plugin/tests/unit/metadata/KubernetesMetadata.spec.js">
    <testCase name="Test KubernatorMetadata Test methods Test method: validate Should return true on valid metadata" duration="3">
      <failure message="ReferenceError: getComposatorMetadata is not defined"><![CDATA[ReferenceError: getComposatorMetadata is not defined
    at Object.getComposatorMetadata (/home/samar/Desktop/Ditrit/kubernator-plugin/tests/unit/metadata/KubernetesMetadata.spec.js:7:26)
    at Promise.then.completed (/home/samar/Desktop/Ditrit/kubernator-plugin/node_modules/jest-circus/build/utils.js:293:28)
    at new Promise (<anonymous>)
    at callAsyncCircusFn (/home/samar/Desktop/Ditrit/kubernator-plugin/node_modules/jest-circus/build/utils.js:226:10)
    at _callCircusTest (/home/samar/Desktop/Ditrit/kubernator-plugin/node_modules/jest-circus/build/run.js:297:40)
    at processTicksAndRejections (node:internal/process/task_queues:95:5)
    at _runTest (/home/samar/Desktop/Ditrit/kubernator-plugin/node_modules/jest-circus/build/run.js:233:3)
    at _runTestsForDescribeBlock (/home/samar/Desktop/Ditrit/kubernator-plugin/node_modules/jest-circus/build/run.js:135:9)
    at _runTestsForDescribeBlock (/home/samar/Desktop/Ditrit/kubernator-plugin/node_modules/jest-circus/build/run.js:130:9)
    at _runTestsForDescribeBlock (/home/samar/Desktop/Ditrit/kubernator-plugin/node_modules/jest-circus/build/run.js:130:9)
    at _runTestsForDescribeBlock (/home/samar/Desktop/Ditrit/kubernator-plugin/node_modules/jest-circus/build/run.js:130:9)
    at run (/home/samar/Desktop/Ditrit/kubernator-plugin/node_modules/jest-circus/build/run.js:68:3)
    at runAndTransformResultsToJestFormat (/home/samar/Desktop/Ditrit/kubernator-plugin/node_modules/jest-circus/build/legacy-code-todo-rewrite/jestAdapterInit.js:122:21)
    at jestAdapter (/home/samar/Desktop/Ditrit/kubernator-plugin/node_modules/jest-circus/build/legacy-code-todo-rewrite/jestAdapter.js:79:19)
    at runTestInternal (/home/samar/Desktop/Ditrit/kubernator-plugin/node_modules/jest-runner/build/runTest.js:367:16)
    at runTest (/home/samar/Desktop/Ditrit/kubernator-plugin/node_modules/jest-runner/build/runTest.js:444:34)
    at Object.worker (/home/samar/Desktop/Ditrit/kubernator-plugin/node_modules/jest-runner/build/testWorker.js:106:12)]]></failure>
    </testCase>
    <testCase name="Test KubernatorMetadata Test methods Test method: validate Should return false on invalid metadata" duration="0">
      <failure message="ReferenceError: getComposatorMetadata is not defined"><![CDATA[ReferenceError: getComposatorMetadata is not defined
    at Object.getComposatorMetadata (/home/samar/Desktop/Ditrit/kubernator-plugin/tests/unit/metadata/KubernetesMetadata.spec.js:11:26)
    at Promise.then.completed (/home/samar/Desktop/Ditrit/kubernator-plugin/node_modules/jest-circus/build/utils.js:293:28)
    at new Promise (<anonymous>)
    at callAsyncCircusFn (/home/samar/Desktop/Ditrit/kubernator-plugin/node_modules/jest-circus/build/utils.js:226:10)
    at _callCircusTest (/home/samar/Desktop/Ditrit/kubernator-plugin/node_modules/jest-circus/build/run.js:297:40)
    at processTicksAndRejections (node:internal/process/task_queues:95:5)
    at _runTest (/home/samar/Desktop/Ditrit/kubernator-plugin/node_modules/jest-circus/build/run.js:233:3)
    at _runTestsForDescribeBlock (/home/samar/Desktop/Ditrit/kubernator-plugin/node_modules/jest-circus/build/run.js:135:9)
    at _runTestsForDescribeBlock (/home/samar/Desktop/Ditrit/kubernator-plugin/node_modules/jest-circus/build/run.js:130:9)
    at _runTestsForDescribeBlock (/home/samar/Desktop/Ditrit/kubernator-plugin/node_modules/jest-circus/build/run.js:130:9)
    at _runTestsForDescribeBlock (/home/samar/Desktop/Ditrit/kubernator-plugin/node_modules/jest-circus/build/run.js:130:9)
    at run (/home/samar/Desktop/Ditrit/kubernator-plugin/node_modules/jest-circus/build/run.js:68:3)
    at runAndTransformResultsToJestFormat (/home/samar/Desktop/Ditrit/kubernator-plugin/node_modules/jest-circus/build/legacy-code-todo-rewrite/jestAdapterInit.js:122:21)
    at jestAdapter (/home/samar/Desktop/Ditrit/kubernator-plugin/node_modules/jest-circus/build/legacy-code-todo-rewrite/jestAdapter.js:79:19)
    at runTestInternal (/home/samar/Desktop/Ditrit/kubernator-plugin/node_modules/jest-runner/build/runTest.js:367:16)
    at runTest (/home/samar/Desktop/Ditrit/kubernator-plugin/node_modules/jest-runner/build/runTest.js:444:34)
    at Object.worker (/home/samar/Desktop/Ditrit/kubernator-plugin/node_modules/jest-runner/build/testWorker.js:106:12)]]></failure>
    </testCase>
  </file>
  <file path="/home/samar/Desktop/Ditrit/kubernator-plugin/tests/unit/models/KubernetesComponentDefinition.spec.js">
    <testCase name="Test class: KubernetesComponentDefinition Test constructor Check variable instantiation without any parameters in constructor" duration="8"/>
  </file>
  <file path="/home/samar/Desktop/Ditrit/kubernator-plugin/tests/unit/models/KubernetesPlugin.spec.js">
    <testCase name="Test class: KubernetesPlugin Test constructor Check variable initialization" duration="8"/>
  </file>
  <file path="/home/samar/Desktop/Ditrit/kubernator-plugin/tests/unit/index.spec.js">
    <testCase name="Test index of project Index should return KubernetesPlugin" duration="10"/>
    <testCase name="Test index of project Index should return all needed objects" duration="2"/>
  </file>
  <file path="/home/samar/Desktop/Ditrit/kubernator-plugin/tests/unit/parser/KubernetesParser.spec.js">
    <testCase name="KubernetesParser isParsable should return true for a YAML file" duration="4"/>
    <testCase name="KubernetesParser isParsable should return true for a YML file" duration="2"/>
    <testCase name="KubernetesParser isParsable should return false for a non-YAML file" duration="0"/>
    <testCase name="KubernetesParser parse should return empty components for no input files" duration="37"/>
    <testCase name="KubernetesParser parse Should set empty components with files without content" duration="4"/>
    <testCase name="KubernetesParser parse should parse a valid ingress.yaml file and return valid components" duration="111"/>
    <testCase name="KubernetesParser parse should parse a valid service.yaml file and return valid components" duration="34"/>
    <testCase name="KubernetesParser parse should parse a valid secret.yaml file and return valid components" duration="25"/>
    <testCase name="KubernetesParser parse should parse a valid configmap.yaml file and return valid components" duration="25"/>
    <testCase name="KubernetesParser parse should parse multiple valid YAML files and return valid components" duration="72"/>
    <testCase name="KubernetesParser parse should handle invalid YAML files and exclude them from parsed components" duration="9"/>
    <testCase name="KubernetesParser parse should handle YAML files with empty content and exclude them from parsed components" duration="4">
      <failure message="TypeError: Cannot read properties of null (reading &apos;value&apos;)"><![CDATA[TypeError: Cannot read properties of null (reading 'value')
    at KubernetesListener.value [as exit_root] (/home/samar/Desktop/Ditrit/kubernator-plugin/src/parser/KubernetesListener.js:43:33)
    at Function.parse (/home/samar/Desktop/Ditrit/kubernator-plugin/node_modules/lidy-js/parser/ruleparser.js:36:26)
    at parse (/home/samar/Desktop/Ditrit/kubernator-plugin/node_modules/lidy-js/parser/parse.js:15:23)
    at parse_rule (/home/samar/Desktop/Ditrit/kubernator-plugin/node_modules/lidy-js/parser/parse.js:49:12)
    at Function.parse (/home/samar/Desktop/Ditrit/kubernator-plugin/node_modules/lidy-js/parser/scalarparser.js:25:39)
    at parse (/home/samar/Desktop/Ditrit/kubernator-plugin/node_modules/lidy-js/parser/parse.js:18:25)
    at Function.parse (/home/samar/Desktop/Ditrit/kubernator-plugin/node_modules/lidy-js/parser/ruleparser.js:27:33)
    at parse (/home/samar/Desktop/Ditrit/kubernator-plugin/node_modules/lidy-js/parser/parse.js:15:23)
    at parse_rule (/home/samar/Desktop/Ditrit/kubernator-plugin/node_modules/lidy-js/parser/parse.js:49:12)
    at parse_rule_name (/home/samar/Desktop/Ditrit/kubernator-plugin/node_modules/lidy-js/parser/parse.js:55:18)
    at parse_lidy (/home/samar/Desktop/Ditrit/kubernator-plugin/node_modules/lidy-js/parser/parse.js:116:10)
    at parse (/home/samar/Desktop/Ditrit/kubernator-plugin/src/lidy/k8s.js:5:21)
    at /home/samar/Desktop/Ditrit/kubernator-plugin/src/parser/KubernetesParser.js:68:18
    at Array.forEach (<anonymous>)
    at KubernetesParser.forEach [as parse] (/home/samar/Desktop/Ditrit/kubernator-plugin/src/parser/KubernetesParser.js:48:8)
    at Object.parse (/home/samar/Desktop/Ditrit/kubernator-plugin/tests/unit/parser/KubernetesParser.spec.js:192:14)
    at Promise.then.completed (/home/samar/Desktop/Ditrit/kubernator-plugin/node_modules/jest-circus/build/utils.js:293:28)
    at new Promise (<anonymous>)
    at callAsyncCircusFn (/home/samar/Desktop/Ditrit/kubernator-plugin/node_modules/jest-circus/build/utils.js:226:10)
    at _callCircusTest (/home/samar/Desktop/Ditrit/kubernator-plugin/node_modules/jest-circus/build/run.js:297:40)
    at processTicksAndRejections (node:internal/process/task_queues:95:5)
    at _runTest (/home/samar/Desktop/Ditrit/kubernator-plugin/node_modules/jest-circus/build/run.js:233:3)
    at _runTestsForDescribeBlock (/home/samar/Desktop/Ditrit/kubernator-plugin/node_modules/jest-circus/build/run.js:135:9)
    at _runTestsForDescribeBlock (/home/samar/Desktop/Ditrit/kubernator-plugin/node_modules/jest-circus/build/run.js:130:9)
    at _runTestsForDescribeBlock (/home/samar/Desktop/Ditrit/kubernator-plugin/node_modules/jest-circus/build/run.js:130:9)
    at run (/home/samar/Desktop/Ditrit/kubernator-plugin/node_modules/jest-circus/build/run.js:68:3)
    at runAndTransformResultsToJestFormat (/home/samar/Desktop/Ditrit/kubernator-plugin/node_modules/jest-circus/build/legacy-code-todo-rewrite/jestAdapterInit.js:122:21)
    at jestAdapter (/home/samar/Desktop/Ditrit/kubernator-plugin/node_modules/jest-circus/build/legacy-code-todo-rewrite/jestAdapter.js:79:19)
    at runTestInternal (/home/samar/Desktop/Ditrit/kubernator-plugin/node_modules/jest-runner/build/runTest.js:367:16)
    at runTest (/home/samar/Desktop/Ditrit/kubernator-plugin/node_modules/jest-runner/build/runTest.js:444:34)
    at Object.worker (/home/samar/Desktop/Ditrit/kubernator-plugin/node_modules/jest-runner/build/testWorker.js:106:12)]]></failure>
    </testCase>
    <testCase name="KubernetesParser parse should correctly determine if a file is parsable based on its extension" duration="1"/>
    <testCase name="KubernetesParser parse should convert selector attributes to links for specific component types" duration="3"/>
    <testCase name="KubernetesParser parse should return empty components for no input files" duration="2"/>
    <testCase name="KubernetesParser parse should exclude files without content from parsed components" duration="2"/>
    <testCase name="KubernetesParser parse should handle duplicate component names" duration="2">
      <failure message="TypeError: Cannot read properties of null (reading &apos;value&apos;)"><![CDATA[TypeError: Cannot read properties of null (reading 'value')
    at KubernetesListener.value [as exit_root] (/home/samar/Desktop/Ditrit/kubernator-plugin/src/parser/KubernetesListener.js:43:33)
    at Function.parse (/home/samar/Desktop/Ditrit/kubernator-plugin/node_modules/lidy-js/parser/ruleparser.js:36:26)
    at parse (/home/samar/Desktop/Ditrit/kubernator-plugin/node_modules/lidy-js/parser/parse.js:15:23)
    at parse_rule (/home/samar/Desktop/Ditrit/kubernator-plugin/node_modules/lidy-js/parser/parse.js:49:12)
    at Function.parse (/home/samar/Desktop/Ditrit/kubernator-plugin/node_modules/lidy-js/parser/scalarparser.js:25:39)
    at parse (/home/samar/Desktop/Ditrit/kubernator-plugin/node_modules/lidy-js/parser/parse.js:18:25)
    at Function.parse (/home/samar/Desktop/Ditrit/kubernator-plugin/node_modules/lidy-js/parser/ruleparser.js:27:33)
    at parse (/home/samar/Desktop/Ditrit/kubernator-plugin/node_modules/lidy-js/parser/parse.js:15:23)
    at parse_rule (/home/samar/Desktop/Ditrit/kubernator-plugin/node_modules/lidy-js/parser/parse.js:49:12)
    at parse_rule_name (/home/samar/Desktop/Ditrit/kubernator-plugin/node_modules/lidy-js/parser/parse.js:55:18)
    at parse_lidy (/home/samar/Desktop/Ditrit/kubernator-plugin/node_modules/lidy-js/parser/parse.js:116:10)
    at parse (/home/samar/Desktop/Ditrit/kubernator-plugin/src/lidy/k8s.js:5:21)
    at /home/samar/Desktop/Ditrit/kubernator-plugin/src/parser/KubernetesParser.js:68:18
    at Array.forEach (<anonymous>)
    at KubernetesParser.forEach [as parse] (/home/samar/Desktop/Ditrit/kubernator-plugin/src/parser/KubernetesParser.js:48:8)
    at Object.parse (/home/samar/Desktop/Ditrit/kubernator-plugin/tests/unit/parser/KubernetesParser.spec.js:275:10)
    at Promise.then.completed (/home/samar/Desktop/Ditrit/kubernator-plugin/node_modules/jest-circus/build/utils.js:293:28)
    at new Promise (<anonymous>)
    at callAsyncCircusFn (/home/samar/Desktop/Ditrit/kubernator-plugin/node_modules/jest-circus/build/utils.js:226:10)
    at _callCircusTest (/home/samar/Desktop/Ditrit/kubernator-plugin/node_modules/jest-circus/build/run.js:297:40)
    at processTicksAndRejections (node:internal/process/task_queues:95:5)
    at _runTest (/home/samar/Desktop/Ditrit/kubernator-plugin/node_modules/jest-circus/build/run.js:233:3)
    at _runTestsForDescribeBlock (/home/samar/Desktop/Ditrit/kubernator-plugin/node_modules/jest-circus/build/run.js:135:9)
    at _runTestsForDescribeBlock (/home/samar/Desktop/Ditrit/kubernator-plugin/node_modules/jest-circus/build/run.js:130:9)
    at _runTestsForDescribeBlock (/home/samar/Desktop/Ditrit/kubernator-plugin/node_modules/jest-circus/build/run.js:130:9)
    at run (/home/samar/Desktop/Ditrit/kubernator-plugin/node_modules/jest-circus/build/run.js:68:3)
    at runAndTransformResultsToJestFormat (/home/samar/Desktop/Ditrit/kubernator-plugin/node_modules/jest-circus/build/legacy-code-todo-rewrite/jestAdapterInit.js:122:21)
    at jestAdapter (/home/samar/Desktop/Ditrit/kubernator-plugin/node_modules/jest-circus/build/legacy-code-todo-rewrite/jestAdapter.js:79:19)
    at runTestInternal (/home/samar/Desktop/Ditrit/kubernator-plugin/node_modules/jest-runner/build/runTest.js:367:16)
    at runTest (/home/samar/Desktop/Ditrit/kubernator-plugin/node_modules/jest-runner/build/runTest.js:444:34)
    at Object.worker (/home/samar/Desktop/Ditrit/kubernator-plugin/node_modules/jest-runner/build/testWorker.js:106:12)]]></failure>
    </testCase>
    <testCase name="KubernetesParser parse should parse metadata information" duration="4">
      <failure message="TypeError: Cannot read properties of null (reading &apos;value&apos;)"><![CDATA[TypeError: Cannot read properties of null (reading 'value')
    at KubernetesListener.value [as exit_root] (/home/samar/Desktop/Ditrit/kubernator-plugin/src/parser/KubernetesListener.js:43:33)
    at Function.parse (/home/samar/Desktop/Ditrit/kubernator-plugin/node_modules/lidy-js/parser/ruleparser.js:36:26)
    at parse (/home/samar/Desktop/Ditrit/kubernator-plugin/node_modules/lidy-js/parser/parse.js:15:23)
    at parse_rule (/home/samar/Desktop/Ditrit/kubernator-plugin/node_modules/lidy-js/parser/parse.js:49:12)
    at Function.parse (/home/samar/Desktop/Ditrit/kubernator-plugin/node_modules/lidy-js/parser/scalarparser.js:25:39)
    at parse (/home/samar/Desktop/Ditrit/kubernator-plugin/node_modules/lidy-js/parser/parse.js:18:25)
    at Function.parse (/home/samar/Desktop/Ditrit/kubernator-plugin/node_modules/lidy-js/parser/ruleparser.js:27:33)
    at parse (/home/samar/Desktop/Ditrit/kubernator-plugin/node_modules/lidy-js/parser/parse.js:15:23)
    at parse_rule (/home/samar/Desktop/Ditrit/kubernator-plugin/node_modules/lidy-js/parser/parse.js:49:12)
    at parse_rule_name (/home/samar/Desktop/Ditrit/kubernator-plugin/node_modules/lidy-js/parser/parse.js:55:18)
    at parse_lidy (/home/samar/Desktop/Ditrit/kubernator-plugin/node_modules/lidy-js/parser/parse.js:116:10)
    at parse (/home/samar/Desktop/Ditrit/kubernator-plugin/src/lidy/k8s.js:5:21)
    at /home/samar/Desktop/Ditrit/kubernator-plugin/src/parser/KubernetesParser.js:68:18
    at Array.forEach (<anonymous>)
    at KubernetesParser.forEach [as parse] (/home/samar/Desktop/Ditrit/kubernator-plugin/src/parser/KubernetesParser.js:48:8)
    at Object.parse (/home/samar/Desktop/Ditrit/kubernator-plugin/tests/unit/parser/KubernetesParser.spec.js:300:10)
    at Promise.then.completed (/home/samar/Desktop/Ditrit/kubernator-plugin/node_modules/jest-circus/build/utils.js:293:28)
    at new Promise (<anonymous>)
    at callAsyncCircusFn (/home/samar/Desktop/Ditrit/kubernator-plugin/node_modules/jest-circus/build/utils.js:226:10)
    at _callCircusTest (/home/samar/Desktop/Ditrit/kubernator-plugin/node_modules/jest-circus/build/run.js:297:40)
    at processTicksAndRejections (node:internal/process/task_queues:95:5)
    at _runTest (/home/samar/Desktop/Ditrit/kubernator-plugin/node_modules/jest-circus/build/run.js:233:3)
    at _runTestsForDescribeBlock (/home/samar/Desktop/Ditrit/kubernator-plugin/node_modules/jest-circus/build/run.js:135:9)
    at _runTestsForDescribeBlock (/home/samar/Desktop/Ditrit/kubernator-plugin/node_modules/jest-circus/build/run.js:130:9)
    at _runTestsForDescribeBlock (/home/samar/Desktop/Ditrit/kubernator-plugin/node_modules/jest-circus/build/run.js:130:9)
    at run (/home/samar/Desktop/Ditrit/kubernator-plugin/node_modules/jest-circus/build/run.js:68:3)
    at runAndTransformResultsToJestFormat (/home/samar/Desktop/Ditrit/kubernator-plugin/node_modules/jest-circus/build/legacy-code-todo-rewrite/jestAdapterInit.js:122:21)
    at jestAdapter (/home/samar/Desktop/Ditrit/kubernator-plugin/node_modules/jest-circus/build/legacy-code-todo-rewrite/jestAdapter.js:79:19)
    at runTestInternal (/home/samar/Desktop/Ditrit/kubernator-plugin/node_modules/jest-runner/build/runTest.js:367:16)
    at runTest (/home/samar/Desktop/Ditrit/kubernator-plugin/node_modules/jest-runner/build/runTest.js:444:34)
    at Object.worker (/home/samar/Desktop/Ditrit/kubernator-plugin/node_modules/jest-runner/build/testWorker.js:106:12)]]></failure>
    </testCase>
  </file>
</testExecutions>