<?xml version="1.0" encoding="UTF-8"?>
<testExecutions version="1">
  <file path="/home/samar/Desktop/Ditrit/kubernator-plugin/tests/unit/models/KubernetesData.spec.js">
    <testCase name="Test class: KubernetesData Test addComponent method Should add a component with default values" duration="6"/>
    <testCase name="Test class: KubernetesData Test addComponent method Should add a component with custom values" duration="2"/>
    <testCase name="Test class: KubernetesData Test addComponent method Should add a component with additional attributes" duration="2"/>
    <testCase name="Test class: KubernetesData Test addComponent method Should add a component with unsupported type" duration="1"/>
    <testCase name="Test class: KubernetesData Test __createAttribute method Should create a component attribute" duration="1"/>
    <testCase name="Test class: KubernetesData Test __createAttribute method Should return null if attribute name is not found" duration="1"/>
    <testCase name="Test class: KubernetesData Test class inheritance Should inherit from DefaultData" duration="1"/>
  </file>
  <file path="/home/samar/Desktop/Ditrit/kubernator-plugin/tests/unit/models/KubernetesComponentDefinition.spec.js">
    <testCase name="Test class: KubernetesComponentDefinition Test constructor Check variable instantiation without any parameters in constructor" duration="4"/>
  </file>
  <file path="/home/samar/Desktop/Ditrit/kubernator-plugin/tests/unit/models/KubernetesPlugin.spec.js">
    <testCase name="Test class: KubernetesPlugin Test constructor Check variable initialization" duration="4"/>
  </file>
  <file path="/home/samar/Desktop/Ditrit/kubernator-plugin/tests/unit/index.spec.js">
    <testCase name="Test index of project Index should return KubernetesPlugin" duration="3"/>
    <testCase name="Test index of project Index should return all needed objects" duration="0"/>
  </file>
  <file path="/home/samar/Desktop/Ditrit/kubernator-plugin/tests/unit/parser/KubernetesParser.spec.js">
    <testCase name="KubernetesParser isParsable should return true for a YAML file" duration="1"/>
    <testCase name="KubernetesParser isParsable should return true for a YML file" duration="0"/>
    <testCase name="KubernetesParser isParsable should return false for a non-YAML file" duration="1"/>
    <testCase name="KubernetesParser parse should return empty components for no input files" duration="5"/>
    <testCase name="KubernetesParser parse Should set empty components with files without content" duration="1"/>
    <testCase name="KubernetesParser parse should parse a valid ingress.yaml file and return valid components" duration="26"/>
    <testCase name="KubernetesParser parse should parse a valid service.yaml file and return valid components" duration="11"/>
    <testCase name="KubernetesParser parse should parse a valid secret.yaml file and return valid components" duration="11"/>
    <testCase name="KubernetesParser parse should parse a valid configmap.yaml file and return valid components" duration="9"/>
    <testCase name="KubernetesParser parse should parse multiple valid YAML files and return valid components" duration="19"/>
    <testCase name="KubernetesParser parse should handle invalid YAML files and exclude them from parsed components" duration="5"/>
    <testCase name="KubernetesParser parse should handle YAML files with empty content and exclude them from parsed components" duration="2"/>
    <testCase name="KubernetesParser parse should correctly determine if a file is parsable based on its extension" duration="1"/>
    <testCase name="KubernetesParser parse should convert selector attributes to links for specific component types" duration="1"/>
  </file>
</testExecutions>