<?xml version="1.0" encoding="UTF-8"?>
<testExecutions version="1">
  <file path="/home/samar/Desktop/Ditrit/kubernator-plugin/tests/unit/parser/KubernetesListener.spec.js">
    <testCase name="Test KubernatorParser Test functions Test function: lidyToLetoType Should return true on .yaml file" duration="5"/>
  </file>
  <file path="/home/samar/Desktop/Ditrit/kubernator-plugin/tests/unit/models/KubernetesData.spec.js">
    <testCase name="KubernetesData addComponent should add a new component and return the generated ID" duration="6"/>
    <testCase name="KubernetesData __createAttribute should create a new component attribute" duration="2"/>
    <testCase name="KubernetesData __createAttribute should return null for non-existent attribute definition" duration="2"/>
  </file>
  <file path="/home/samar/Desktop/Ditrit/kubernator-plugin/tests/unit/models/KubernetesComponentDefinition.spec.js">
    <testCase name="Test class: KubernetesComponentDefinition Test constructor Check variable instantiation without any parameters in constructor" duration="12"/>
  </file>
  <file path="/home/samar/Desktop/Ditrit/kubernator-plugin/tests/unit/index.spec.js">
    <testCase name="Test index of project Index should return KubernetesPlugin" duration="7"/>
    <testCase name="Test index of project Index should return all needed objects" duration="2"/>
  </file>
  <file path="/home/samar/Desktop/Ditrit/kubernator-plugin/tests/unit/models/KubernetesPlugin.spec.js">
    <testCase name="Test class: KubernetesPlugin Test constructor Check variable initialization" duration="17"/>
  </file>
  <file path="/home/samar/Desktop/Ditrit/kubernator-plugin/tests/unit/parser/KubernetesParser.spec.js">
    <testCase name="KubernetesParser isParsable should return true for a YAML file" duration="2"/>
    <testCase name="KubernetesParser isParsable should return true for a YML file" duration="0"/>
    <testCase name="KubernetesParser isParsable should return false for a non-YAML file" duration="0"/>
    <testCase name="KubernetesParser parse should parse a valid ingress.yaml file and return valid components" duration="36"/>
    <testCase name="KubernetesParser parse should parse a valid deployment.yml file and return valid components" duration="86">
      <failure message="Error: expect(received).toEqual(expected) // deep equality"><![CDATA[Error: expect(received).toEqual(expected) // deep equality

- Expected  -    5
+ Received  + 1961

@@ -2,35 +2,1964 @@
    s {
      "__class": "Component",
      "attributes": Array [
        n {
          "definition": t {
-           "containerRef": "Deployment",
+           "containerRef": null,
            "definedAttributes": Array [],
            "description": null,
-           "displayName": "Parent Deployment",
+           "displayName": "Image",
            "expanded": false,
            "linkColor": "black",
            "linkDashStyle": null,
            "linkRef": Array [],
            "linkType": null,
            "linkWidth": 2,
-           "name": "parentDeployment",
+           "name": "image",
+           "required": false,
+           "rules": Object {
+             "max": null,
+             "min": null,
+             "regex": null,
+             "values": null,
+           },
+           "type": "String",
+           "url": null,
+         },
+         "name": "image",
+         "type": "String",
+         "value": "nginx:1.4.0",
+       },
+       n {
+         "definition": t {
+           "containerRef": null,
+           "definedAttributes": Array [],
+           "description": null,
+           "displayName": "Is Init Container",
+           "expanded": false,
+           "linkColor": "black",
+           "linkDashStyle": null,
+           "linkRef": Array [],
+           "linkType": null,
+           "linkWidth": 2,
+           "name": "isInitContainer",
            "required": false,
+           "rules": Object {
+             "max": null,
+             "min": null,
+             "regex": null,
+             "values": null,
+           },
+           "type": "Boolean",
+           "url": null,
+         },
+         "name": "isInitContainer",
+         "type": "Boolean",
+         "value": false,
+       },
+       n {
+         "definition": t {
+           "containerRef": "Pod",
+           "definedAttributes": Array [],
+           "description": null,
+           "displayName": "Parent",
+           "expanded": false,
+           "linkColor": "black",
+           "linkDashStyle": null,
+           "linkRef": Array [],
+           "linkType": null,
+           "linkWidth": 2,
+           "name": "parent",
+           "required": true,
+           "rules": Object {
+             "max": null,
+             "min": null,
+             "regex": null,
+             "values": null,
+           },
+           "type": "Reference",
+           "url": null,
+         },
+         "name": "parent",
+         "type": "String",
+         "value": "pod",
+       },
+     ],
+     "definition": KubernetesComponentDefinition {
+       "apiVersion": "others",
+       "childrenPerLine": null,
+       "childrenTypes": Array [
+         "ConfigMapMount",
+         "SecretMount",
+         "PersistentVolumeClaimMount",
+       ],
+       "definedAttributes": Array [
+         t {
+           "containerRef": "Pod",
+           "definedAttributes": Array [],
+           "description": null,
+           "displayName": "Parent",
+           "expanded": false,
+           "linkColor": "black",
+           "linkDashStyle": null,
+           "linkRef": Array [],
+           "linkType": null,
+           "linkWidth": 2,
+           "name": "parent",
+           "required": true,
            "rules": Object {
              "max": null,
              "min": null,
              "regex": null,
              "values": null,
            },
            "type": "Reference",
            "url": null,
          },
-         "name": "parentDeployment",
+         t {
+           "containerRef": null,
+           "definedAttributes": Array [],
+           "description": null,
+           "displayName": "Is Init Container",
+           "expanded": false,
+           "linkColor": "black",
+           "linkDashStyle": null,
+           "linkRef": Array [],
+           "linkType": null,
+           "linkWidth": 2,
+           "name": "isInitContainer",
+           "required": false,
+           "rules": Object {
+             "max": null,
+             "min": null,
+             "regex": null,
+             "values": null,
+           },
+           "type": "Boolean",
+           "url": null,
+         },
+         t {
+           "containerRef": null,
+           "definedAttributes": Array [],
+           "description": null,
+           "displayName": "Image",
+           "expanded": false,
+           "linkColor": "black",
+           "linkDashStyle": null,
+           "linkRef": Array [],
+           "linkType": null,
+           "linkWidth": 2,
+           "name": "image",
+           "required": false,
+           "rules": Object {
+             "max": null,
+             "min": null,
+             "regex": null,
+             "values": null,
+           },
+           "type": "String",
+           "url": null,
+         },
+         t {
+           "containerRef": null,
+           "definedAttributes": Array [],
+           "description": null,
+           "displayName": "Image Pull Policy",
+           "expanded": false,
+           "linkColor": "black",
+           "linkDashStyle": null,
+           "linkRef": Array [],
+           "linkType": null,
+           "linkWidth": 2,
+           "name": "imagePullPolicy",
+           "required": false,
+           "rules": Object {
+             "max": null,
+             "min": null,
+             "regex": null,
+             "values": Array [
+               "Always",
+               "IfNotPresent",
+               "Never",
+             ],
+           },
+           "type": "String",
+           "url": null,
+         },
+         t {
+           "containerRef": null,
+           "definedAttributes": Array [],
+           "description": null,
+           "displayName": "Working Dir",
+           "expanded": false,
+           "linkColor": "black",
+           "linkDashStyle": null,
+           "linkRef": Array [],
+           "linkType": null,
+           "linkWidth": 2,
+           "name": "workingDir",
+           "required": false,
+           "rules": Object {
+             "max": null,
+             "min": null,
+             "regex": null,
+             "values": null,
+           },
+           "type": "String",
+           "url": null,
+         },
+         t {
+           "containerRef": null,
+           "definedAttributes": Array [],
+           "description": "Entrypoint array.<br/>Not executed within a shell.<br/>The container image's ENTRYPOINT is used if this is not provided.<br/>Variable references $(VAR_NAME) are expanded using the container's environment.<br/>If a variable cannot be resolved, the reference in the input string will be unchanged.<br/>Double $$ are reduced to a single $, which allows for escaping the $(VAR_NAME) syntax: i.e. \"$$(VAR_NAME)\" will produce the string literal \"$(VAR_NAME)\".<br/>Escaped references will never be expanded, regardless of whether the variable exists or not.<br/>Cannot be updated.",
+           "displayName": "Command",
+           "expanded": false,
+           "linkColor": "black",
+           "linkDashStyle": null,
+           "linkRef": Array [],
+           "linkType": null,
+           "linkWidth": 2,
+           "name": "command",
+           "required": false,
+           "rules": Object {
+             "max": null,
+             "min": null,
+             "regex": null,
+             "values": null,
+           },
+           "type": "Array",
+           "url": "https://kubernetes.io/docs/tasks/inject-data-application/define-command-argument-container/#running-a-command-in-a-shell",
+         },
+         t {
+           "containerRef": null,
+           "definedAttributes": Array [],
+           "description": "Arguments to the entrypoint.<br/>The container image's CMD is used if this is not provided.<br/>Variable references $(VAR_NAME) are expanded using the container's environment.<br/>If a variable cannot be resolved, the reference in the input string will be unchanged.<br/>Double $$ are reduced to a single $, which allows for escaping the $(VAR_NAME) syntax: i.e. \"$$(VAR_NAME)\" will produce the string literal \"$(VAR_NAME)\".<br/>Escaped references will never be expanded, regardless of whether the variable exists or not.<br/>Cannot be updated.",
+           "displayName": "Args",
+           "expanded": false,
+           "linkColor": "black",
+           "linkDashStyle": null,
+           "linkRef": Array [],
+           "linkType": null,
+           "linkWidth": 2,
+           "name": "args",
+           "required": false,
+           "rules": Object {
+             "max": null,
+             "min": null,
+             "regex": null,
+             "values": null,
+           },
+           "type": "Array",
+           "url": "https://kubernetes.io/docs/tasks/inject-data-application/define-command-argument-container/#running-a-command-in-a-shell",
+         },
+         t {
+           "containerRef": null,
+           "definedAttributes": Array [
+             t {
+               "containerRef": null,
+               "definedAttributes": Array [
+                 t {
+                   "containerRef": null,
+                   "definedAttributes": Array [],
+                   "description": null,
+                   "displayName": "Name",
+                   "expanded": false,
+                   "linkColor": "black",
+                   "linkDashStyle": null,
+                   "linkRef": Array [],
+                   "linkType": null,
+                   "linkWidth": 2,
+                   "name": "name",
+                   "required": true,
+                   "rules": Object {
+                     "max": null,
+                     "min": null,
+                     "regex": null,
+                     "values": null,
+                   },
+                   "type": "String",
+                   "url": null,
+                 },
+                 t {
+                   "containerRef": null,
+                   "definedAttributes": Array [],
+                   "description": null,
+                   "displayName": "Value",
+                   "expanded": false,
+                   "linkColor": "black",
+                   "linkDashStyle": null,
+                   "linkRef": Array [],
+                   "linkType": null,
+                   "linkWidth": 2,
+                   "name": "value",
+                   "required": false,
+                   "rules": Object {
+                     "max": null,
+                     "min": null,
+                     "regex": null,
+                     "values": null,
+                   },
+                   "type": "String",
+                   "url": null,
+                 },
+               ],
+               "description": null,
+               "displayName": null,
+               "expanded": false,
+               "linkColor": "black",
+               "linkDashStyle": null,
+               "linkRef": Array [],
+               "linkType": null,
+               "linkWidth": 2,
+               "name": null,
+               "required": false,
+               "rules": Object {
+                 "max": null,
+                 "min": null,
+                 "regex": null,
+                 "values": null,
+               },
+               "type": "Object",
+               "url": null,
+             },
+           ],
+           "description": null,
+           "displayName": "Env",
+           "expanded": false,
+           "linkColor": "black",
+           "linkDashStyle": null,
+           "linkRef": Array [],
+           "linkType": null,
+           "linkWidth": 2,
+           "name": "env",
+           "required": false,
+           "rules": Object {
+             "max": null,
+             "min": null,
+             "regex": null,
+             "values": null,
+           },
+           "type": "Array",
+           "url": null,
+         },
+         t {
+           "containerRef": null,
+           "definedAttributes": Array [
+             t {
+               "containerRef": null,
+               "definedAttributes": Array [
+                 t {
+                   "containerRef": null,
+                   "definedAttributes": Array [
+                     t {
+                       "containerRef": null,
+                       "definedAttributes": Array [],
+                       "description": null,
+                       "displayName": "Name",
+                       "expanded": false,
+                       "linkColor": "black",
+                       "linkDashStyle": null,
+                       "linkRef": Array [],
+                       "linkType": null,
+                       "linkWidth": 2,
+                       "name": "name",
+                       "required": false,
+                       "rules": Object {
+                         "max": null,
+                         "min": null,
+                         "regex": null,
+                         "values": null,
+                       },
+                       "type": "String",
+                       "url": null,
+                     },
+                     t {
+                       "containerRef": null,
+                       "definedAttributes": Array [],
+                       "description": null,
+                       "displayName": "Optional",
+                       "expanded": false,
+                       "linkColor": "black",
+                       "linkDashStyle": null,
+                       "linkRef": Array [],
+                       "linkType": null,
+                       "linkWidth": 2,
+                       "name": "optional",
+                       "required": false,
+                       "rules": Object {
+                         "max": null,
+                         "min": null,
+                         "regex": null,
+                         "values": null,
+                       },
+                       "type": "Boolean",
+                       "url": null,
+                     },
+                   ],
+                   "description": null,
+                   "displayName": "Config Map Ref",
+                   "expanded": false,
+                   "linkColor": "black",
+                   "linkDashStyle": null,
+                   "linkRef": Array [],
+                   "linkType": null,
+                   "linkWidth": 2,
+                   "name": "configMapRef",
+                   "required": false,
+                   "rules": Object {
+                     "max": null,
+                     "min": null,
+                     "regex": null,
+                     "values": null,
+                   },
+                   "type": "Object",
+                   "url": null,
+                 },
+                 t {
+                   "containerRef": null,
+                   "definedAttributes": Array [
+                     t {
+                       "containerRef": null,
+                       "definedAttributes": Array [],
+                       "description": null,
+                       "displayName": "Name",
+                       "expanded": false,
+                       "linkColor": "black",
+                       "linkDashStyle": null,
+                       "linkRef": Array [],
+                       "linkType": null,
+                       "linkWidth": 2,
+                       "name": "name",
+                       "required": false,
+                       "rules": Object {
+                         "max": null,
+                         "min": null,
+                         "regex": null,
+                         "values": null,
+                       },
+                       "type": "String",
+                       "url": null,
+                     },
+                     t {
+                       "containerRef": null,
+                       "definedAttributes": Array [],
+                       "description": null,
+                       "displayName": "Optional",
+                       "expanded": false,
+                       "linkColor": "black",
+                       "linkDashStyle": null,
+                       "linkRef": Array [],
+                       "linkType": null,
+                       "linkWidth": 2,
+                       "name": "optional",
+                       "required": false,
+                       "rules": Object {
+                         "max": null,
+                         "min": null,
+                         "regex": null,
+                         "values": null,
+                       },
+                       "type": "Boolean",
+                       "url": null,
+                     },
+                   ],
+                   "description": null,
+                   "displayName": "Secret Ref",
+                   "expanded": false,
+                   "linkColor": "black",
+                   "linkDashStyle": null,
+                   "linkRef": Array [],
+                   "linkType": null,
+                   "linkWidth": 2,
+                   "name": "secretRef",
+                   "required": false,
+                   "rules": Object {
+                     "max": null,
+                     "min": null,
+                     "regex": null,
+                     "values": null,
+                   },
+                   "type": "Object",
+                   "url": null,
+                 },
+                 t {
+                   "containerRef": null,
+                   "definedAttributes": Array [],
+                   "description": null,
+                   "displayName": "Prefix",
+                   "expanded": false,
+                   "linkColor": "black",
+                   "linkDashStyle": null,
+                   "linkRef": Array [],
+                   "linkType": null,
+                   "linkWidth": 2,
+                   "name": "prefix",
+                   "required": false,
+                   "rules": Object {
+                     "max": null,
+                     "min": null,
+                     "regex": null,
+                     "values": null,
+                   },
+                   "type": "String",
+                   "url": null,
+                 },
+               ],
+               "description": null,
+               "displayName": null,
+               "expanded": false,
+               "linkColor": "black",
+               "linkDashStyle": null,
+               "linkRef": Array [],
+               "linkType": null,
+               "linkWidth": 2,
+               "name": null,
+               "required": false,
+               "rules": Object {
+                 "max": null,
+                 "min": null,
+                 "regex": null,
+                 "values": null,
+               },
+               "type": "Object",
+               "url": null,
+             },
+           ],
+           "description": null,
+           "displayName": "Env From",
+           "expanded": false,
+           "linkColor": "black",
+           "linkDashStyle": null,
+           "linkRef": Array [],
+           "linkType": null,
+           "linkWidth": 2,
+           "name": "envFrom",
+           "required": false,
+           "rules": Object {
+             "max": null,
+             "min": null,
+             "regex": null,
+             "values": null,
+           },
+           "type": "Array",
+           "url": null,
+         },
+         t {
+           "containerRef": null,
+           "definedAttributes": Array [
+             t {
+               "containerRef": null,
+               "definedAttributes": Array [
+                 t {
+                   "containerRef": null,
+                   "definedAttributes": Array [],
+                   "description": null,
+                   "displayName": "Name",
+                   "expanded": false,
+                   "linkColor": "black",
+                   "linkDashStyle": null,
+                   "linkRef": Array [],
+                   "linkType": null,
+                   "linkWidth": 2,
+                   "name": "name",
+                   "required": false,
+                   "rules": Object {
+                     "max": null,
+                     "min": null,
+                     "regex": null,
+                     "values": null,
+                   },
+                   "type": "String",
+                   "url": null,
+                 },
+                 t {
+                   "containerRef": null,
+                   "definedAttributes": Array [],
+                   "description": null,
+                   "displayName": "Container Port",
+                   "expanded": false,
+                   "linkColor": "black",
+                   "linkDashStyle": null,
+                   "linkRef": Array [],
+                   "linkType": null,
+                   "linkWidth": 2,
+                   "name": "containerPort",
+                   "required": true,
+                   "rules": Object {
+                     "max": null,
+                     "min": null,
+                     "regex": null,
+                     "values": null,
+                   },
+                   "type": "String",
+                   "url": null,
+                 },
+                 t {
+                   "containerRef": null,
+                   "definedAttributes": Array [],
+                   "description": null,
+                   "displayName": "Protocol",
+                   "expanded": false,
+                   "linkColor": "black",
+                   "linkDashStyle": null,
+                   "linkRef": Array [],
+                   "linkType": null,
+                   "linkWidth": 2,
+                   "name": "protocol",
+                   "required": false,
+                   "rules": Object {
+                     "max": null,
+                     "min": null,
+                     "regex": null,
+                     "values": Array [
+                       "TCP",
+                       "IDP",
+                       "SCTP",
+                     ],
+                   },
+                   "type": "String",
+                   "url": null,
+                 },
+               ],
+               "description": null,
+               "displayName": null,
+               "expanded": false,
+               "linkColor": "black",
+               "linkDashStyle": null,
+               "linkRef": Array [],
+               "linkType": null,
+               "linkWidth": 2,
+               "name": null,
+               "required": false,
+               "rules": Object {
+                 "max": null,
+                 "min": null,
+                 "regex": null,
+                 "values": null,
+               },
+               "type": "Object",
+               "url": null,
+             },
+           ],
+           "description": null,
+           "displayName": "Ports",
+           "expanded": false,
+           "linkColor": "black",
+           "linkDashStyle": null,
+           "linkRef": Array [],
+           "linkType": null,
+           "linkWidth": 2,
+           "name": "ports",
+           "required": false,
+           "rules": Object {
+             "max": null,
+             "min": null,
+             "regex": null,
+             "values": null,
+           },
+           "type": "Array",
+           "url": null,
+         },
+         t {
+           "containerRef": null,
+           "definedAttributes": Array [
+             t {
+               "containerRef": null,
+               "definedAttributes": Array [
+                 t {
+                   "containerRef": null,
+                   "definedAttributes": Array [],
+                   "description": null,
+                   "displayName": "Memory",
+                   "expanded": false,
+                   "linkColor": "black",
+                   "linkDashStyle": null,
+                   "linkRef": Array [],
+                   "linkType": null,
+                   "linkWidth": 2,
+                   "name": "memory",
+                   "required": false,
+                   "rules": Object {
+                     "max": null,
+                     "min": null,
+                     "regex": null,
+                     "values": null,
+                   },
+                   "type": "String",
+                   "url": null,
+                 },
+                 t {
+                   "containerRef": null,
+                   "definedAttributes": Array [],
+                   "description": null,
+                   "displayName": "Cpu",
+                   "expanded": false,
+                   "linkColor": "black",
+                   "linkDashStyle": null,
+                   "linkRef": Array [],
+                   "linkType": null,
+                   "linkWidth": 2,
+                   "name": "cpu",
+                   "required": false,
+                   "rules": Object {
+                     "max": null,
+                     "min": null,
+                     "regex": null,
+                     "values": null,
+                   },
+                   "type": "String",
+                   "url": null,
+                 },
+                 t {
+                   "containerRef": null,
+                   "definedAttributes": Array [],
+                   "description": null,
+                   "displayName": "Ephemeral-storage",
+                   "expanded": false,
+                   "linkColor": "black",
+                   "linkDashStyle": null,
+                   "linkRef": Array [],
+                   "linkType": null,
+                   "linkWidth": 2,
+                   "name": "ephemeral-storage",
+                   "required": false,
+                   "rules": Object {
+                     "max": null,
+                     "min": null,
+                     "regex": null,
+                     "values": null,
+                   },
+                   "type": "String",
+                   "url": null,
+                 },
+               ],
+               "description": null,
+               "displayName": "Requests",
+               "expanded": true,
+               "linkColor": "black",
+               "linkDashStyle": null,
+               "linkRef": Array [],
+               "linkType": null,
+               "linkWidth": 2,
+               "name": "requests",
+               "required": false,
+               "rules": Object {
+                 "max": null,
+                 "min": null,
+                 "regex": null,
+                 "values": null,
+               },
+               "type": "Object",
+               "url": null,
+             },
+             t {
+               "containerRef": null,
+               "definedAttributes": Array [
+                 t {
+                   "containerRef": null,
+                   "definedAttributes": Array [],
+                   "description": null,
+                   "displayName": "Memory",
+                   "expanded": false,
+                   "linkColor": "black",
+                   "linkDashStyle": null,
+                   "linkRef": Array [],
+                   "linkType": null,
+                   "linkWidth": 2,
+                   "name": "memory",
+                   "required": false,
+                   "rules": Object {
+                     "max": null,
+                     "min": null,
+                     "regex": null,
+                     "values": null,
+                   },
+                   "type": "String",
+                   "url": null,
+                 },
+                 t {
+                   "containerRef": null,
+                   "definedAttributes": Array [],
+                   "description": null,
+                   "displayName": "Cpu",
+                   "expanded": false,
+                   "linkColor": "black",
+                   "linkDashStyle": null,
+                   "linkRef": Array [],
+                   "linkType": null,
+                   "linkWidth": 2,
+                   "name": "cpu",
+                   "required": false,
+                   "rules": Object {
+                     "max": null,
+                     "min": null,
+                     "regex": null,
+                     "values": null,
+                   },
+                   "type": "String",
+                   "url": null,
+                 },
+                 t {
+                   "containerRef": null,
+                   "definedAttributes": Array [],
+                   "description": null,
+                   "displayName": "Ephemeral-storage",
+                   "expanded": false,
+                   "linkColor": "black",
+                   "linkDashStyle": null,
+                   "linkRef": Array [],
+                   "linkType": null,
+                   "linkWidth": 2,
+                   "name": "ephemeral-storage",
+                   "required": false,
+                   "rules": Object {
+                     "max": null,
+                     "min": null,
+                     "regex": null,
+                     "values": null,
+                   },
                    "type": "String",
-         "value": "nginx-deployment",
+                   "url": null,
+                 },
+               ],
+               "description": null,
+               "displayName": "Limits",
+               "expanded": true,
+               "linkColor": "black",
+               "linkDashStyle": null,
+               "linkRef": Array [],
+               "linkType": null,
+               "linkWidth": 2,
+               "name": "limits",
+               "required": false,
+               "rules": Object {
+                 "max": null,
+                 "min": null,
+                 "regex": null,
+                 "values": null,
+               },
+               "type": "Object",
+               "url": null,
+             },
+           ],
+           "description": null,
+           "displayName": "Ressources",
+           "expanded": false,
+           "linkColor": "black",
+           "linkDashStyle": null,
+           "linkRef": Array [],
+           "linkType": null,
+           "linkWidth": 2,
+           "name": "ressources",
+           "required": false,
+           "rules": Object {
+             "max": null,
+             "min": null,
+             "regex": null,
+             "values": null,
+           },
+           "type": "Object",
+           "url": null,
+         },
+         t {
+           "containerRef": null,
+           "definedAttributes": Array [
+             t {
+               "containerRef": null,
+               "definedAttributes": Array [],
+               "description": null,
+               "displayName": "Initial Delay Seconds",
+               "expanded": false,
+               "linkColor": "black",
+               "linkDashStyle": null,
+               "linkRef": Array [],
+               "linkType": null,
+               "linkWidth": 2,
+               "name": "initialDelaySeconds",
+               "required": false,
+               "rules": Object {
+                 "max": null,
+                 "min": null,
+                 "regex": null,
+                 "values": null,
+               },
+               "type": "Number",
+               "url": null,
+             },
+             t {
+               "containerRef": null,
+               "definedAttributes": Array [],
+               "description": null,
+               "displayName": "Period Seconds",
+               "expanded": false,
+               "linkColor": "black",
+               "linkDashStyle": null,
+               "linkRef": Array [],
+               "linkType": null,
+               "linkWidth": 2,
+               "name": "periodSeconds",
+               "required": false,
+               "rules": Object {
+                 "max": null,
+                 "min": null,
+                 "regex": null,
+                 "values": null,
+               },
+               "type": "Number",
+               "url": null,
+             },
+             t {
+               "containerRef": null,
+               "definedAttributes": Array [],
+               "description": null,
+               "displayName": "Timeout Seconds",
+               "expanded": false,
+               "linkColor": "black",
+               "linkDashStyle": null,
+               "linkRef": Array [],
+               "linkType": null,
+               "linkWidth": 2,
+               "name": "timeoutSeconds",
+               "required": false,
+               "rules": Object {
+                 "max": null,
+                 "min": null,
+                 "regex": null,
+                 "values": null,
+               },
+               "type": "Number",
+               "url": null,
+             },
+             t {
+               "containerRef": null,
+               "definedAttributes": Array [],
+               "description": null,
+               "displayName": "Success Threshold",
+               "expanded": false,
+               "linkColor": "black",
+               "linkDashStyle": null,
+               "linkRef": Array [],
+               "linkType": null,
+               "linkWidth": 2,
+               "name": "successThreshold",
+               "required": false,
+               "rules": Object {
+                 "max": null,
+                 "min": null,
+                 "regex": null,
+                 "values": null,
+               },
+               "type": "Number",
+               "url": null,
+             },
+             t {
+               "containerRef": null,
+               "definedAttributes": Array [],
+               "description": null,
+               "displayName": "Failure Threshold",
+               "expanded": false,
+               "linkColor": "black",
+               "linkDashStyle": null,
+               "linkRef": Array [],
+               "linkType": null,
+               "linkWidth": 2,
+               "name": "failureThreshold",
+               "required": false,
+               "rules": Object {
+                 "max": null,
+                 "min": null,
+                 "regex": null,
+                 "values": null,
+               },
+               "type": "Number",
+               "url": null,
+             },
+             t {
+               "containerRef": null,
+               "definedAttributes": Array [],
+               "description": null,
+               "displayName": "Termination Grace Period Seconds",
+               "expanded": false,
+               "linkColor": "black",
+               "linkDashStyle": null,
+               "linkRef": Array [],
+               "linkType": null,
+               "linkWidth": 2,
+               "name": "terminationGracePeriodSeconds",
+               "required": false,
+               "rules": Object {
+                 "max": null,
+                 "min": null,
+                 "regex": null,
+                 "values": null,
+               },
+               "type": "Number",
+               "url": null,
+             },
+             t {
+               "containerRef": null,
+               "definedAttributes": Array [
+                 t {
+                   "containerRef": null,
+                   "definedAttributes": Array [],
+                   "description": null,
+                   "displayName": "Host",
+                   "expanded": false,
+                   "linkColor": "black",
+                   "linkDashStyle": null,
+                   "linkRef": Array [],
+                   "linkType": null,
+                   "linkWidth": 2,
+                   "name": "host",
+                   "required": false,
+                   "rules": Object {
+                     "max": null,
+                     "min": null,
+                     "regex": null,
+                     "values": null,
+                   },
+                   "type": "String",
+                   "url": null,
+                 },
+                 t {
+                   "containerRef": null,
+                   "definedAttributes": Array [],
+                   "description": null,
+                   "displayName": "Port",
+                   "expanded": false,
+                   "linkColor": "black",
+                   "linkDashStyle": null,
+                   "linkRef": Array [],
+                   "linkType": null,
+                   "linkWidth": 2,
+                   "name": "port",
+                   "required": false,
+                   "rules": Object {
+                     "max": null,
+                     "min": null,
+                     "regex": null,
+                     "values": null,
+                   },
+                   "type": "String",
+                   "url": null,
+                 },
+                 t {
+                   "containerRef": null,
+                   "definedAttributes": Array [],
+                   "description": null,
+                   "displayName": "Scheme",
+                   "expanded": false,
+                   "linkColor": "black",
+                   "linkDashStyle": null,
+                   "linkRef": Array [],
+                   "linkType": null,
+                   "linkWidth": 2,
+                   "name": "scheme",
+                   "required": false,
+                   "rules": Object {
+                     "max": null,
+                     "min": null,
+                     "regex": null,
+                     "values": Array [
+                       "HTTP",
+                       "HTTPS",
+                     ],
+                   },
+                   "type": "String",
+                   "url": null,
+                 },
+                 t {
+                   "containerRef": null,
+                   "definedAttributes": Array [],
+                   "description": null,
+                   "displayName": "Path",
+                   "expanded": false,
+                   "linkColor": "black",
+                   "linkDashStyle": null,
+                   "linkRef": Array [],
+                   "linkType": null,
+                   "linkWidth": 2,
+                   "name": "path",
+                   "required": false,
+                   "rules": Object {
+                     "max": null,
+                     "min": null,
+                     "regex": null,
+                     "values": null,
+                   },
+                   "type": "String",
+                   "url": null,
+                 },
+                 t {
+                   "containerRef": null,
+                   "definedAttributes": Array [
+                     t {
+                       "containerRef": null,
+                       "definedAttributes": Array [
+                         t {
+                           "containerRef": null,
+                           "definedAttributes": Array [],
+                           "description": null,
+                           "displayName": "Name",
+                           "expanded": false,
+                           "linkColor": "black",
+                           "linkDashStyle": null,
+                           "linkRef": Array [],
+                           "linkType": null,
+                           "linkWidth": 2,
+                           "name": "name",
+                           "required": true,
+                           "rules": Object {
+                             "max": null,
+                             "min": null,
+                             "regex": null,
+                             "values": null,
+                           },
+                           "type": "String",
+                           "url": null,
+                         },
+                         t {
+                           "containerRef": null,
+                           "definedAttributes": Array [],
+                           "description": null,
+                           "displayName": "Value",
+                           "expanded": false,
+                           "linkColor": "black",
+                           "linkDashStyle": null,
+                           "linkRef": Array [],
+                           "linkType": null,
+                           "linkWidth": 2,
+                           "name": "value",
+                           "required": true,
+                           "rules": Object {
+                             "max": null,
+                             "min": null,
+                             "regex": null,
+                             "values": null,
+                           },
+                           "type": "String",
+                           "url": null,
+                         },
+                       ],
+                       "description": null,
+                       "displayName": null,
+                       "expanded": false,
+                       "linkColor": "black",
+                       "linkDashStyle": null,
+                       "linkRef": Array [],
+                       "linkType": null,
+                       "linkWidth": 2,
+                       "name": null,
+                       "required": false,
+                       "rules": Object {
+                         "max": null,
+                         "min": null,
+                         "regex": null,
+                         "values": null,
+                       },
+                       "type": "Object",
+                       "url": null,
+                     },
+                   ],
+                   "description": null,
+                   "displayName": "Http Headers",
+                   "expanded": false,
+                   "linkColor": "black",
+                   "linkDashStyle": null,
+                   "linkRef": Array [],
+                   "linkType": null,
+                   "linkWidth": 2,
+                   "name": "httpHeaders",
+                   "required": false,
+                   "rules": Object {
+                     "max": null,
+                     "min": null,
+                     "regex": null,
+                     "values": null,
+                   },
+                   "type": "Array",
+                   "url": null,
+                 },
+               ],
+               "description": null,
+               "displayName": "Http Get",
+               "expanded": false,
+               "linkColor": "black",
+               "linkDashStyle": null,
+               "linkRef": Array [],
+               "linkType": null,
+               "linkWidth": 2,
+               "name": "httpGet",
+               "required": false,
+               "rules": Object {
+                 "max": null,
+                 "min": null,
+                 "regex": null,
+                 "values": null,
+               },
+               "type": "Object",
+               "url": null,
+             },
+             t {
+               "containerRef": null,
+               "definedAttributes": Array [
+                 t {
+                   "containerRef": null,
+                   "definedAttributes": Array [],
+                   "description": null,
+                   "displayName": "Command",
+                   "expanded": false,
+                   "linkColor": "black",
+                   "linkDashStyle": null,
+                   "linkRef": Array [],
+                   "linkType": null,
+                   "linkWidth": 2,
+                   "name": "command",
+                   "required": false,
+                   "rules": Object {
+                     "max": null,
+                     "min": null,
+                     "regex": null,
+                     "values": null,
+                   },
+                   "type": "Array",
+                   "url": null,
+                 },
+               ],
+               "description": null,
+               "displayName": "Exec",
+               "expanded": false,
+               "linkColor": "black",
+               "linkDashStyle": null,
+               "linkRef": Array [],
+               "linkType": null,
+               "linkWidth": 2,
+               "name": "exec",
+               "required": false,
+               "rules": Object {
+                 "max": null,
+                 "min": null,
+                 "regex": null,
+                 "values": null,
+               },
+               "type": "Object",
+               "url": null,
+             },
+             t {
+               "containerRef": null,
+               "definedAttributes": Array [
+                 t {
+                   "containerRef": null,
+                   "definedAttributes": Array [],
+                   "description": null,
+                   "displayName": "Host",
+                   "expanded": false,
+                   "linkColor": "black",
+                   "linkDashStyle": null,
+                   "linkRef": Array [],
+                   "linkType": null,
+                   "linkWidth": 2,
+                   "name": "host",
+                   "required": false,
+                   "rules": Object {
+                     "max": null,
+                     "min": null,
+                     "regex": null,
+                     "values": null,
+                   },
+                   "type": "String",
+                   "url": null,
+                 },
+                 t {
+                   "containerRef": null,
+                   "definedAttributes": Array [],
+                   "description": null,
+                   "displayName": "Port",
+                   "expanded": false,
+                   "linkColor": "black",
+                   "linkDashStyle": null,
+                   "linkRef": Array [],
+                   "linkType": null,
+                   "linkWidth": 2,
+                   "name": "port",
+                   "required": false,
+                   "rules": Object {
+                     "max": null,
+                     "min": null,
+                     "regex": null,
+                     "values": null,
+                   },
+                   "type": "String",
+                   "url": null,
+                 },
+               ],
+               "description": null,
+               "displayName": "Tcp Socket",
+               "expanded": false,
+               "linkColor": "black",
+               "linkDashStyle": null,
+               "linkRef": Array [],
+               "linkType": null,
+               "linkWidth": 2,
+               "name": "tcpSocket",
+               "required": false,
+               "rules": Object {
+                 "max": null,
+                 "min": null,
+                 "regex": null,
+                 "values": null,
+               },
+               "type": "Object",
+               "url": null,
+             },
+             t {
+               "containerRef": null,
+               "definedAttributes": Array [
+                 t {
+                   "containerRef": null,
+                   "definedAttributes": Array [],
+                   "description": null,
+                   "displayName": "Port",
+                   "expanded": false,
+                   "linkColor": "black",
+                   "linkDashStyle": null,
+                   "linkRef": Array [],
+                   "linkType": null,
+                   "linkWidth": 2,
+                   "name": "port",
+                   "required": false,
+                   "rules": Object {
+                     "max": null,
+                     "min": null,
+                     "regex": null,
+                     "values": null,
+                   },
+                   "type": "String",
+                   "url": null,
+                 },
+                 t {
+                   "containerRef": null,
+                   "definedAttributes": Array [],
+                   "description": null,
+                   "displayName": "Service",
+                   "expanded": false,
+                   "linkColor": "black",
+                   "linkDashStyle": null,
+                   "linkRef": Array [],
+                   "linkType": null,
+                   "linkWidth": 2,
+                   "name": "service",
+                   "required": false,
+                   "rules": Object {
+                     "max": null,
+                     "min": null,
+                     "regex": null,
+                     "values": null,
+                   },
+                   "type": "String",
+                   "url": null,
+                 },
+               ],
+               "description": null,
+               "displayName": "Grpc",
+               "expanded": false,
+               "linkColor": "black",
+               "linkDashStyle": null,
+               "linkRef": Array [],
+               "linkType": null,
+               "linkWidth": 2,
+               "name": "grpc",
+               "required": false,
+               "rules": Object {
+                 "max": null,
+                 "min": null,
+                 "regex": null,
+                 "values": null,
+               },
+               "type": "Object",
+               "url": null,
+             },
+           ],
+           "description": null,
+           "displayName": "Readiness Probe",
+           "expanded": false,
+           "linkColor": "black",
+           "linkDashStyle": null,
+           "linkRef": Array [],
+           "linkType": null,
+           "linkWidth": 2,
+           "name": "readinessProbe",
+           "required": false,
+           "rules": Object {
+             "max": null,
+             "min": null,
+             "regex": null,
+             "values": null,
+           },
+           "type": "Object",
+           "url": null,
+         },
+         t {
+           "containerRef": null,
+           "definedAttributes": Array [
+             t {
+               "containerRef": null,
+               "definedAttributes": Array [],
+               "description": null,
+               "displayName": "Initial Delay Seconds",
+               "expanded": false,
+               "linkColor": "black",
+               "linkDashStyle": null,
+               "linkRef": Array [],
+               "linkType": null,
+               "linkWidth": 2,
+               "name": "initialDelaySeconds",
+               "required": false,
+               "rules": Object {
+                 "max": null,
+                 "min": null,
+                 "regex": null,
+                 "values": null,
+               },
+               "type": "Number",
+               "url": null,
+             },
+             t {
+               "containerRef": null,
+               "definedAttributes": Array [],
+               "description": null,
+               "displayName": "Period Seconds",
+               "expanded": false,
+               "linkColor": "black",
+               "linkDashStyle": null,
+               "linkRef": Array [],
+               "linkType": null,
+               "linkWidth": 2,
+               "name": "periodSeconds",
+               "required": false,
+               "rules": Object {
+                 "max": null,
+                 "min": null,
+                 "regex": null,
+                 "values": null,
+               },
+               "type": "Number",
+               "url": null,
+             },
+             t {
+               "containerRef": null,
+               "definedAttributes": Array [],
+               "description": null,
+               "displayName": "Timeout Seconds",
+               "expanded": false,
+               "linkColor": "black",
+               "linkDashStyle": null,
+               "linkRef": Array [],
+               "linkType": null,
+               "linkWidth": 2,
+               "name": "timeoutSeconds",
+               "required": false,
+               "rules": Object {
+                 "max": null,
+                 "min": null,
+                 "regex": null,
+                 "values": null,
+               },
+               "type": "Number",
+               "url": null,
+             },
+             t {
+               "containerRef": null,
+               "definedAttributes": Array [],
+               "description": null,
+               "displayName": "Success Threshold",
+               "expanded": false,
+               "linkColor": "black",
+               "linkDashStyle": null,
+               "linkRef": Array [],
+               "linkType": null,
+               "linkWidth": 2,
+               "name": "successThreshold",
+               "required": false,
+               "rules": Object {
+                 "max": null,
+                 "min": null,
+                 "regex": null,
+                 "values": null,
+               },
+               "type": "Number",
+               "url": null,
+             },
+             t {
+               "containerRef": null,
+               "definedAttributes": Array [],
+               "description": null,
+               "displayName": "Failure Threshold",
+               "expanded": false,
+               "linkColor": "black",
+               "linkDashStyle": null,
+               "linkRef": Array [],
+               "linkType": null,
+               "linkWidth": 2,
+               "name": "failureThreshold",
+               "required": false,
+               "rules": Object {
+                 "max": null,
+                 "min": null,
+                 "regex": null,
+                 "values": null,
+               },
+               "type": "Number",
+               "url": null,
+             },
+             t {
+               "containerRef": null,
+               "definedAttributes": Array [],
+               "description": null,
+               "displayName": "Termination Grace Period Seconds",
+               "expanded": false,
+               "linkColor": "black",
+               "linkDashStyle": null,
+               "linkRef": Array [],
+               "linkType": null,
+               "linkWidth": 2,
+               "name": "terminationGracePeriodSeconds",
+               "required": false,
+               "rules": Object {
+                 "max": null,
+                 "min": null,
+                 "regex": null,
+                 "values": null,
+               },
+               "type": "Number",
+               "url": null,
+             },
+             t {
+               "containerRef": null,
+               "definedAttributes": Array [
+                 t {
+                   "containerRef": null,
+                   "definedAttributes": Array [],
+                   "description": null,
+                   "displayName": "Host",
+                   "expanded": false,
+                   "linkColor": "black",
+                   "linkDashStyle": null,
+                   "linkRef": Array [],
+                   "linkType": null,
+                   "linkWidth": 2,
+                   "name": "host",
+                   "required": false,
+                   "rules": Object {
+                     "max": null,
+                     "min": null,
+                     "regex": null,
+                     "values": null,
+                   },
+                   "type": "String",
+                   "url": null,
+                 },
+                 t {
+                   "containerRef": null,
+                   "definedAttributes": Array [],
+                   "description": null,
+                   "displayName": "Port",
+                   "expanded": false,
+                   "linkColor": "black",
+                   "linkDashStyle": null,
+                   "linkRef": Array [],
+                   "linkType": null,
+                   "linkWidth": 2,
+                   "name": "port",
+                   "required": false,
+                   "rules": Object {
+                     "max": null,
+                     "min": null,
+                     "regex": null,
+                     "values": null,
+                   },
+                   "type": "String",
+                   "url": null,
+                 },
+                 t {
+                   "containerRef": null,
+                   "definedAttributes": Array [],
+                   "description": null,
+                   "displayName": "Scheme",
+                   "expanded": false,
+                   "linkColor": "black",
+                   "linkDashStyle": null,
+                   "linkRef": Array [],
+                   "linkType": null,
+                   "linkWidth": 2,
+                   "name": "scheme",
+                   "required": false,
+                   "rules": Object {
+                     "max": null,
+                     "min": null,
+                     "regex": null,
+                     "values": Array [
+                       "HTTP",
+                       "HTTPS",
+                     ],
+                   },
+                   "type": "String",
+                   "url": null,
+                 },
+                 t {
+                   "containerRef": null,
+                   "definedAttributes": Array [],
+                   "description": null,
+                   "displayName": "Path",
+                   "expanded": false,
+                   "linkColor": "black",
+                   "linkDashStyle": null,
+                   "linkRef": Array [],
+                   "linkType": null,
+                   "linkWidth": 2,
+                   "name": "path",
+                   "required": false,
+                   "rules": Object {
+                     "max": null,
+                     "min": null,
+                     "regex": null,
+                     "values": null,
+                   },
+                   "type": "String",
+                   "url": null,
+                 },
+                 t {
+                   "containerRef": null,
+                   "definedAttributes": Array [
+                     t {
+                       "containerRef": null,
+                       "definedAttributes": Array [
+                         t {
+                           "containerRef": null,
+                           "definedAttributes": Array [],
+                           "description": null,
+                           "displayName": "Name",
+                           "expanded": false,
+                           "linkColor": "black",
+                           "linkDashStyle": null,
+                           "linkRef": Array [],
+                           "linkType": null,
+                           "linkWidth": 2,
+                           "name": "name",
+                           "required": true,
+                           "rules": Object {
+                             "max": null,
+                             "min": null,
+                             "regex": null,
+                             "values": null,
+                           },
+                           "type": "String",
+                           "url": null,
+                         },
+                         t {
+                           "containerRef": null,
+                           "definedAttributes": Array [],
+                           "description": null,
+                           "displayName": "Value",
+                           "expanded": false,
+                           "linkColor": "black",
+                           "linkDashStyle": null,
+                           "linkRef": Array [],
+                           "linkType": null,
+                           "linkWidth": 2,
+                           "name": "value",
+                           "required": true,
+                           "rules": Object {
+                             "max": null,
+                             "min": null,
+                             "regex": null,
+                             "values": null,
+                           },
+                           "type": "String",
+                           "url": null,
+                         },
+                       ],
+                       "description": null,
+                       "displayName": null,
+                       "expanded": false,
+                       "linkColor": "black",
+                       "linkDashStyle": null,
+                       "linkRef": Array [],
+                       "linkType": null,
+                       "linkWidth": 2,
+                       "name": null,
+                       "required": false,
+                       "rules": Object {
+                         "max": null,
+                         "min": null,
+                         "regex": null,
+                         "values": null,
+                       },
+                       "type": "Object",
+                       "url": null,
+                     },
+                   ],
+                   "description": null,
+                   "displayName": "Http Headers",
+                   "expanded": false,
+                   "linkColor": "black",
+                   "linkDashStyle": null,
+                   "linkRef": Array [],
+                   "linkType": null,
+                   "linkWidth": 2,
+                   "name": "httpHeaders",
+                   "required": false,
+                   "rules": Object {
+                     "max": null,
+                     "min": null,
+                     "regex": null,
+                     "values": null,
+                   },
+                   "type": "Array",
+                   "url": null,
+                 },
+               ],
+               "description": null,
+               "displayName": "Http Get",
+               "expanded": false,
+               "linkColor": "black",
+               "linkDashStyle": null,
+               "linkRef": Array [],
+               "linkType": null,
+               "linkWidth": 2,
+               "name": "httpGet",
+               "required": false,
+               "rules": Object {
+                 "max": null,
+                 "min": null,
+                 "regex": null,
+                 "values": null,
+               },
+               "type": "Object",
+               "url": null,
+             },
+             t {
+               "containerRef": null,
+               "definedAttributes": Array [
+                 t {
+                   "containerRef": null,
+                   "definedAttributes": Array [],
+                   "description": null,
+                   "displayName": "Command",
+                   "expanded": false,
+                   "linkColor": "black",
+                   "linkDashStyle": null,
+                   "linkRef": Array [],
+                   "linkType": null,
+                   "linkWidth": 2,
+                   "name": "command",
+                   "required": false,
+                   "rules": Object {
+                     "max": null,
+                     "min": null,
+                     "regex": null,
+                     "values": null,
+                   },
+                   "type": "Array",
+                   "url": null,
+                 },
+               ],
+               "description": null,
+               "displayName": "Exec",
+               "expanded": false,
+               "linkColor": "black",
+               "linkDashStyle": null,
+               "linkRef": Array [],
+               "linkType": null,
+               "linkWidth": 2,
+               "name": "exec",
+               "required": false,
+               "rules": Object {
+                 "max": null,
+                 "min": null,
+                 "regex": null,
+                 "values": null,
+               },
+               "type": "Object",
+               "url": null,
+             },
+             t {
+               "containerRef": null,
+               "definedAttributes": Array [
+                 t {
+                   "containerRef": null,
+                   "definedAttributes": Array [],
+                   "description": null,
+                   "displayName": "Host",
+                   "expanded": false,
+                   "linkColor": "black",
+                   "linkDashStyle": null,
+                   "linkRef": Array [],
+                   "linkType": null,
+                   "linkWidth": 2,
+                   "name": "host",
+                   "required": false,
+                   "rules": Object {
+                     "max": null,
+                     "min": null,
+                     "regex": null,
+                     "values": null,
+                   },
+                   "type": "String",
+                   "url": null,
+                 },
+                 t {
+                   "containerRef": null,
+                   "definedAttributes": Array [],
+                   "description": null,
+                   "displayName": "Port",
+                   "expanded": false,
+                   "linkColor": "black",
+                   "linkDashStyle": null,
+                   "linkRef": Array [],
+                   "linkType": null,
+                   "linkWidth": 2,
+                   "name": "port",
+                   "required": false,
+                   "rules": Object {
+                     "max": null,
+                     "min": null,
+                     "regex": null,
+                     "values": null,
+                   },
+                   "type": "String",
+                   "url": null,
+                 },
+               ],
+               "description": null,
+               "displayName": "Tcp Socket",
+               "expanded": false,
+               "linkColor": "black",
+               "linkDashStyle": null,
+               "linkRef": Array [],
+               "linkType": null,
+               "linkWidth": 2,
+               "name": "tcpSocket",
+               "required": false,
+               "rules": Object {
+                 "max": null,
+                 "min": null,
+                 "regex": null,
+                 "values": null,
+               },
+               "type": "Object",
+               "url": null,
+             },
+             t {
+               "containerRef": null,
+               "definedAttributes": Array [
+                 t {
+                   "containerRef": null,
+                   "definedAttributes": Array [],
+                   "description": null,
+                   "displayName": "Port",
+                   "expanded": false,
+                   "linkColor": "black",
+                   "linkDashStyle": null,
+                   "linkRef": Array [],
+                   "linkType": null,
+                   "linkWidth": 2,
+                   "name": "port",
+                   "required": false,
+                   "rules": Object {
+                     "max": null,
+                     "min": null,
+                     "regex": null,
+                     "values": null,
+                   },
+                   "type": "String",
+                   "url": null,
+                 },
+                 t {
+                   "containerRef": null,
+                   "definedAttributes": Array [],
+                   "description": null,
+                   "displayName": "Service",
+                   "expanded": false,
+                   "linkColor": "black",
+                   "linkDashStyle": null,
+                   "linkRef": Array [],
+                   "linkType": null,
+                   "linkWidth": 2,
+                   "name": "service",
+                   "required": false,
+                   "rules": Object {
+                     "max": null,
+                     "min": null,
+                     "regex": null,
+                     "values": null,
+                   },
+                   "type": "String",
+                   "url": null,
                  },
+               ],
+               "description": null,
+               "displayName": "Grpc",
+               "expanded": false,
+               "linkColor": "black",
+               "linkDashStyle": null,
+               "linkRef": Array [],
+               "linkType": null,
+               "linkWidth": 2,
+               "name": "grpc",
+               "required": false,
+               "rules": Object {
+                 "max": null,
+                 "min": null,
+                 "regex": null,
+                 "values": null,
+               },
+               "type": "Object",
+               "url": null,
+             },
+           ],
+           "description": null,
+           "displayName": "Liveness Probe",
+           "expanded": false,
+           "linkColor": "black",
+           "linkDashStyle": null,
+           "linkRef": Array [],
+           "linkType": null,
+           "linkWidth": 2,
+           "name": "livenessProbe",
+           "required": false,
+           "rules": Object {
+             "max": null,
+             "min": null,
+             "regex": null,
+             "values": null,
+           },
+           "type": "Object",
+           "url": null,
+         },
+       ],
+       "description": null,
+       "displayName": null,
+       "displayType": null,
+       "icon": "resources/unlabeled/container",
+       "isContainer": true,
+       "model": "DefaultContainer",
+       "parentTypes": Array [
+         "Pod",
+       ],
+       "preventChildrenMovement": false,
+       "type": "Container",
+       "url": null,
+     },
+     "drawOption": null,
+     "id": "nginx-container",
+     "name": null,
+     "path": null,
+   },
+   s {
+     "__class": "Component",
+     "attributes": Array [
        n {
          "definition": t {
            "containerRef": null,
            "definedAttributes": Array [
              t {
@@ -764,10 +2693,37 @@
            "url": null,
          },
          "name": "spec",
          "type": "Object",
          "value": Array [],
+       },
+       n {
+         "definition": t {
+           "containerRef": "Deployment",
+           "definedAttributes": Array [],
+           "description": null,
+           "displayName": "Parent Deployment",
+           "expanded": false,
+           "linkColor": "black",
+           "linkDashStyle": null,
+           "linkRef": Array [],
+           "linkType": null,
+           "linkWidth": 2,
+           "name": "parentDeployment",
+           "required": false,
+           "rules": Object {
+             "max": null,
+             "min": null,
+             "regex": null,
+             "values": null,
+           },
+           "type": "Reference",
+           "url": null,
+         },
+         "name": "parentDeployment",
+         "type": "String",
+         "value": "nginx-deployment",
        },
      ],
      "definition": KubernetesComponentDefinition {
        "apiVersion": "v1",
        "childrenPerLine": 3,
    at Object.toEqual (/home/samar/Desktop/Ditrit/kubernator-plugin/tests/unit/parser/KubernetesParser.spec.js:77:36)
    at Promise.then.completed (/home/samar/Desktop/Ditrit/kubernator-plugin/node_modules/jest-circus/build/utils.js:293:28)
    at new Promise (<anonymous>)
    at callAsyncCircusFn (/home/samar/Desktop/Ditrit/kubernator-plugin/node_modules/jest-circus/build/utils.js:226:10)
    at _callCircusTest (/home/samar/Desktop/Ditrit/kubernator-plugin/node_modules/jest-circus/build/run.js:297:40)
    at processTicksAndRejections (node:internal/process/task_queues:95:5)
    at _runTest (/home/samar/Desktop/Ditrit/kubernator-plugin/node_modules/jest-circus/build/run.js:233:3)
    at _runTestsForDescribeBlock (/home/samar/Desktop/Ditrit/kubernator-plugin/node_modules/jest-circus/build/run.js:135:9)
    at _runTestsForDescribeBlock (/home/samar/Desktop/Ditrit/kubernator-plugin/node_modules/jest-circus/build/run.js:130:9)
    at _runTestsForDescribeBlock (/home/samar/Desktop/Ditrit/kubernator-plugin/node_modules/jest-circus/build/run.js:130:9)
    at run (/home/samar/Desktop/Ditrit/kubernator-plugin/node_modules/jest-circus/build/run.js:68:3)
    at runAndTransformResultsToJestFormat (/home/samar/Desktop/Ditrit/kubernator-plugin/node_modules/jest-circus/build/legacy-code-todo-rewrite/jestAdapterInit.js:122:21)
    at jestAdapter (/home/samar/Desktop/Ditrit/kubernator-plugin/node_modules/jest-circus/build/legacy-code-todo-rewrite/jestAdapter.js:79:19)
    at runTestInternal (/home/samar/Desktop/Ditrit/kubernator-plugin/node_modules/jest-runner/build/runTest.js:367:16)
    at runTest (/home/samar/Desktop/Ditrit/kubernator-plugin/node_modules/jest-runner/build/runTest.js:444:34)
    at Object.worker (/home/samar/Desktop/Ditrit/kubernator-plugin/node_modules/jest-runner/build/testWorker.js:106:12)]]></failure>
    </testCase>
    <testCase name="KubernetesParser parse should parse a valid service.yaml file and return valid components" duration="11"/>
    <testCase name="KubernetesParser parse should parse a valid cronjob.yaml file and return valid components" duration="10"/>
    <testCase name="KubernetesParser parse should parse a valid statefulset.yaml file and return valid components" duration="8"/>
    <testCase name="KubernetesParser parse should parse a valid pvc.yaml file and return valid components" duration="8"/>
    <testCase name="KubernetesParser parse should parse a valid secret.yaml file and return valid components" duration="6"/>
    <testCase name="KubernetesParser parse should parse a valid configmap.yaml file and return valid components" duration="10"/>
    <testCase name="KubernetesParser parse should parse multiple valid YAML files and return valid components" duration="20"/>
    <testCase name="KubernetesParser parse should correctly determine if a file is parsable based on its extension" duration="1"/>
    <testCase name="KubernetesParser parse Should set empty components on null input files" duration="1"/>
    <testCase name="KubernetesParser parse Should set empty components on no input files" duration="1"/>
    <testCase name="KubernetesParser parse should handle invalid YAML files and exclude them from parsed components" duration="3"/>
    <testCase name="KubernetesParser convertObjectAttributeToJsObject converts object attribute to JavaScript object" duration="1"/>
  </file>
</testExecutions>