<?xml version="1.0" encoding="UTF-8"?>
<testExecutions version="1">
  <file path="/home/samar/Desktop/Ditrit/kubernator-plugin/tests/unit/parser/KubernetesListener.spec.js">
    <testCase name="Test KubernatorParser Test functions Test function: lidyToLetoType Should return true on .yaml file" duration="3"/>
  </file>
  <file path="/home/samar/Desktop/Ditrit/kubernator-plugin/tests/unit/models/KubernetesData.spec.js">
    <testCase name="KubernetesData addComponent should add a new component and return the generated ID" duration="7"/>
    <testCase name="KubernetesData __createAttribute should create a new component attribute" duration="2"/>
    <testCase name="KubernetesData __createAttribute should return null for non-existent attribute definition" duration="1"/>
  </file>
  <file path="/home/samar/Desktop/Ditrit/kubernator-plugin/tests/unit/models/KubernetesComponentDefinition.spec.js">
    <testCase name="Test class: KubernetesComponentDefinition Test constructor Check variable instantiation without any parameters in constructor" duration="4"/>
  </file>
  <file path="/home/samar/Desktop/Ditrit/kubernator-plugin/tests/unit/index.spec.js">
    <testCase name="Test index of project Index should return KubernetesPlugin" duration="7"/>
    <testCase name="Test index of project Index should return all needed objects" duration="1"/>
  </file>
  <file path="/home/samar/Desktop/Ditrit/kubernator-plugin/tests/unit/models/KubernetesPlugin.spec.js">
    <testCase name="Test class: KubernetesPlugin Test constructor Check variable initialization" duration="12"/>
  </file>
  <file path="/home/samar/Desktop/Ditrit/kubernator-plugin/tests/unit/parser/KubernetesParser.spec.js">
    <testCase name="KubernetesParser isParsable should return true for a YAML file" duration="2"/>
    <testCase name="KubernetesParser isParsable should return true for a YML file" duration="1"/>
    <testCase name="KubernetesParser isParsable should return false for a non-YAML file" duration="0"/>
    <testCase name="KubernetesParser parse should parse a valid ingress.yaml file and return valid components" duration="46"/>
    <testCase name="KubernetesParser parse should parse a valid deployment.yml file and return valid components" duration="33"/>
    <testCase name="KubernetesParser parse should parse a valid service.yaml file and return valid components" duration="12"/>
    <testCase name="KubernetesParser parse should parse a valid job.yaml file and return valid components" duration="14"/>
    <testCase name="KubernetesParser parse should parse a valid cronjob.yaml file and return valid components" duration="13"/>
    <testCase name="KubernetesParser parse should parse a valid statefulset.yaml file and return valid components" duration="7"/>
    <testCase name="KubernetesParser parse should parse a valid pvc.yaml file and return valid components" duration="8"/>
    <testCase name="KubernetesParser parse should parse a valid secret.yaml file and return valid components" duration="16"/>
    <testCase name="KubernetesParser parse should parse a valid configmap.yaml file and return valid components" duration="11"/>
    <testCase name="KubernetesParser parse should parse multiple valid YAML files and return valid components" duration="22"/>
    <testCase name="KubernetesParser parse should correctly determine if a file is parsable based on its extension" duration="1"/>
    <testCase name="KubernetesParser parse Should set empty components on null input files" duration="1"/>
    <testCase name="KubernetesParser parse Should set empty components on no input files" duration="1"/>
    <testCase name="KubernetesParser parse should handle invalid YAML files and exclude them from parsed components" duration="2"/>
    <testCase name="KubernetesParser convertObjectAttributeToJsObject converts object attribute to JavaScript object" duration="0"/>
    <testCase name="KubernetesParser __convertSelectorToLinkAttribute should return an array of matching component IDs" duration="6"/>
  </file>
</testExecutions>