<?xml version="1.0" encoding="UTF-8"?>
<testExecutions version="1">
  <file path="/home/samar/Desktop/Ditrit/kubernator-plugin/tests/unit/models/KubernetesData.spec.js">
    <testCase name="KubernetesData addComponent should add a new component and return the generated ID" duration="5"/>
    <testCase name="KubernetesData __createAttribute should create a new component attribute" duration="2"/>
    <testCase name="KubernetesData __createAttribute should return null for non-existent attribute definition" duration="1"/>
  </file>
  <file path="/home/samar/Desktop/Ditrit/kubernator-plugin/tests/unit/models/KubernetesComponentDefinition.spec.js">
    <testCase name="Test class: KubernetesComponentDefinition Test constructor Check variable instantiation without any parameters in constructor" duration="4"/>
  </file>
  <file path="/home/samar/Desktop/Ditrit/kubernator-plugin/tests/unit/metadata/KubernetesMetadata.spec.js">
    <testCase name="Test KubernetesMetadata Test methods Test method: validate Should return true on valid metadata" duration="2">
      <failure message="ReferenceError: True is not defined"><![CDATA[ReferenceError: True is not defined
    at Object.<anonymous> (/home/samar/Desktop/Ditrit/kubernator-plugin/tests/unit/metadata/KubernetesMetadata.spec.js:7:9)
    at Promise.then.completed (/home/samar/Desktop/Ditrit/kubernator-plugin/node_modules/jest-circus/build/utils.js:293:28)
    at new Promise (<anonymous>)
    at callAsyncCircusFn (/home/samar/Desktop/Ditrit/kubernator-plugin/node_modules/jest-circus/build/utils.js:226:10)
    at _callCircusTest (/home/samar/Desktop/Ditrit/kubernator-plugin/node_modules/jest-circus/build/run.js:297:40)
    at processTicksAndRejections (node:internal/process/task_queues:95:5)
    at _runTest (/home/samar/Desktop/Ditrit/kubernator-plugin/node_modules/jest-circus/build/run.js:233:3)
    at _runTestsForDescribeBlock (/home/samar/Desktop/Ditrit/kubernator-plugin/node_modules/jest-circus/build/run.js:135:9)
    at _runTestsForDescribeBlock (/home/samar/Desktop/Ditrit/kubernator-plugin/node_modules/jest-circus/build/run.js:130:9)
    at _runTestsForDescribeBlock (/home/samar/Desktop/Ditrit/kubernator-plugin/node_modules/jest-circus/build/run.js:130:9)
    at _runTestsForDescribeBlock (/home/samar/Desktop/Ditrit/kubernator-plugin/node_modules/jest-circus/build/run.js:130:9)
    at run (/home/samar/Desktop/Ditrit/kubernator-plugin/node_modules/jest-circus/build/run.js:68:3)
    at runAndTransformResultsToJestFormat (/home/samar/Desktop/Ditrit/kubernator-plugin/node_modules/jest-circus/build/legacy-code-todo-rewrite/jestAdapterInit.js:122:21)
    at jestAdapter (/home/samar/Desktop/Ditrit/kubernator-plugin/node_modules/jest-circus/build/legacy-code-todo-rewrite/jestAdapter.js:79:19)
    at runTestInternal (/home/samar/Desktop/Ditrit/kubernator-plugin/node_modules/jest-runner/build/runTest.js:367:16)
    at runTest (/home/samar/Desktop/Ditrit/kubernator-plugin/node_modules/jest-runner/build/runTest.js:444:34)
    at Object.worker (/home/samar/Desktop/Ditrit/kubernator-plugin/node_modules/jest-runner/build/testWorker.js:106:12)]]></failure>
    </testCase>
  </file>
  <file path="/home/samar/Desktop/Ditrit/kubernator-plugin/tests/unit/parser/KubernetesListener.spec.js">
    <testCase name="Test KubernatorParser Test functions Test function: lidyToLetoType Should return true on .yaml file" duration="5"/>
  </file>
  <file path="/home/samar/Desktop/Ditrit/kubernator-plugin/tests/unit/models/KubernetesPlugin.spec.js">
    <testCase name="Test class: KubernetesPlugin Test constructor Check variable initialization" duration="3"/>
  </file>
  <file path="/home/samar/Desktop/Ditrit/kubernator-plugin/tests/unit/index.spec.js">
    <testCase name="Test index of project Index should return KubernetesPlugin" duration="4"/>
    <testCase name="Test index of project Index should return all needed objects" duration="0"/>
  </file>
  <file path="/home/samar/Desktop/Ditrit/kubernator-plugin/tests/unit/parser/KubernetesParser.spec.js">
    <testCase name="KubernetesParser isParsable should return true for a YAML file" duration="2"/>
    <testCase name="KubernetesParser isParsable should return true for a YML file" duration="1"/>
    <testCase name="KubernetesParser isParsable should return false for a non-YAML file" duration="0"/>
    <testCase name="KubernetesParser parse should parse a valid ingress.yaml file and return valid components" duration="43"/>
    <testCase name="KubernetesParser parse should parse a valid deployment.yml file and return valid components" duration="19"/>
    <testCase name="KubernetesParser parse should parse a valid service.yaml file and return valid components" duration="10"/>
    <testCase name="KubernetesParser parse should parse a valid cronjob.yaml file and return valid components" duration="13"/>
    <testCase name="KubernetesParser parse should parse a valid statefulset.yaml file and return valid components" duration="7"/>
    <testCase name="KubernetesParser parse should parse a valid pvc.yaml file and return valid components" duration="7"/>
    <testCase name="KubernetesParser parse should parse a valid secret.yaml file and return valid components" duration="7"/>
    <testCase name="KubernetesParser parse should parse a valid configmap.yaml file and return valid components" duration="7"/>
    <testCase name="KubernetesParser parse should parse multiple valid YAML files and return valid components" duration="22"/>
    <testCase name="KubernetesParser parse should correctly determine if a file is parsable based on its extension" duration="1"/>
    <testCase name="KubernetesParser parse Should set empty components on null input files" duration="1"/>
    <testCase name="KubernetesParser parse Should set empty components on no input files" duration="1"/>
    <testCase name="KubernetesParser parse should handle invalid YAML files and exclude them from parsed components" duration="7"/>
    <testCase name="KubernetesParser convertObjectAttributeToJsObject converts object attribute to JavaScript object" duration="0"/>
  </file>
</testExecutions>